<?xml version="1.0" encoding="UTF-8"?>
<testng-results ignored="0" total="1" passed="1" failed="0" skipped="0">
  <reporter-output>
  </reporter-output>
  <suite started-at="2021-09-17T11:56:23 AMT" name="Default suite" finished-at="2021-09-17T11:56:47 AMT" duration-ms="23771">
    <groups>
    </groups>
    <test started-at="2021-09-17T11:56:23 AMT" name="Default test" finished-at="2021-09-17T11:56:47 AMT" duration-ms="23771">
      <class name="windowHandling.WindowHandle">
        <test-method is-config="true" signature="preSetup()[pri:0, instance:windowHandling.WindowHandle@56528192]" started-at="2021-09-17T11:56:23 AMT" name="preSetup" finished-at="2021-09-17T11:56:32 AMT" duration-ms="9039" status="PASS">
          <reporter-output>
          </reporter-output>
        </test-method> <!-- preSetup -->
        <test-method signature="windowHANDLE()[pri:0, instance:windowHandling.WindowHandle@56528192]" started-at="2021-09-17T11:56:32 AMT" name="windowHANDLE" finished-at="2021-09-17T11:56:45 AMT" duration-ms="12868" status="PASS">
          <reporter-output>
          </reporter-output>
        </test-method> <!-- windowHANDLE -->
        <test-method is-config="true" signature="closeBrowser()[pri:0, instance:windowHandling.WindowHandle@56528192]" started-at="2021-09-17T11:56:45 AMT" name="closeBrowser" finished-at="2021-09-17T11:56:47 AMT" duration-ms="1770" status="PASS">
          <reporter-output>
          </reporter-output>
        </test-method> <!-- closeBrowser -->
      </class> <!-- windowHandling.WindowHandle -->
    </test> <!-- Default test -->
  </suite> <!-- Default suite -->
</testng-results>
